[32mINFO: [0mInvocation ID: efc595df-224e-487a-af9d-0209fd03d4dc
[32mComputing main repo mapping:[0m 
[32mLoading:[0m 
[32mLoading:[0m 0 packages loaded
[32mAnalyzing:[0m target //:refresh_data (0 packages loaded, 0 targets configured)
[32mAnalyzing:[0m target //:refresh_data (0 packages loaded, 0 targets configured)

[32mINFO: [0mAnalyzed target //:refresh_data (0 packages loaded, 28 targets configured).
[32mINFO: [0mFound 1 target...
Target //:refresh_data up-to-date:
  bazel-bin/refresh_data
[32mINFO: [0mElapsed time: 0.290s, Critical Path: 0.01s
[32mINFO: [0m1 process: 4 action cache hit, 1 internal.
[32mINFO: [0mBuild completed successfully, 1 total action
[32mINFO: [0mRunning command line: bazel-bin/refresh_data <args omitted>
[0m
================================================================================
URL: https://travel.state.gov/content/travel/en/legal/visa-law0/visa-bulletin/2026/visa-bulletin-for-december-2025.html
Date: December 2025
Bulletin already exists: 2025-12-01
  Saved 150 cutoff date records
✓ Saved to database

================================================================================
URL: https://travel.state.gov/content/travel/en/legal/visa-law0/visa-bulletin/2026/visa-bulletin-for-november-2025.html
Date: November 2025
Bulletin already exists: 2025-11-01
  Saved 150 cutoff date records
✓ Saved to database

================================================================================
URL: https://travel.state.gov/content/travel/en/legal/visa-law0/visa-bulletin/2026/visa-bulletin-for-october-2025.html
Date: October 2025
Bulletin already exists: 2025-10-01
  Saved 150 cutoff date records
✓ Saved to database

================================================================================
URL: https://travel.state.gov/content/travel/en/legal/visa-law0/visa-bulletin/2025/visa-bulletin-for-september-2025.html
Date: September 2025
Bulletin already exists: 2025-09-01
  Saved 150 cutoff date records
✓ Saved to database

================================================================================
URL: https://travel.state.gov/content/travel/en/legal/visa-law0/visa-bulletin/2025/visa-bulletin-for-august-2025.html
Date: August 2025
Bulletin already exists: 2025-08-01
  Saved 150 cutoff date records
✓ Saved to database

================================================================================
URL: https://travel.state.gov/content/travel/en/legal/visa-law0/visa-bulletin/2025/visa-bulletin-for-july-2025.html
Date: July 2025
Bulletin already exists: 2025-07-01
  Saved 150 cutoff date records
✓ Saved to database

================================================================================
URL: https://travel.state.gov/content/travel/en/legal/visa-law0/visa-bulletin/2025/visa-bulletin-for-june-2025.html
Date: June 2025
Bulletin already exists: 2025-06-01
  Saved 150 cutoff date records
✓ Saved to database

================================================================================
URL: https://travel.state.gov/content/travel/en/legal/visa-law0/visa-bulletin/2025/visa-bulletin-for-may-2025.html
Date: May 2025
Bulletin already exists: 2025-05-01
  Saved 150 cutoff date records
✓ Saved to database

================================================================================
URL: https://travel.state.gov/content/travel/en/legal/visa-law0/visa-bulletin/2025/visa-bulletin-for-april-2025.html
Date: April 2025
Bulletin already exists: 2025-04-01
  Saved 150 cutoff date records
✓ Saved to database

================================================================================
URL: https://travel.state.gov/content/travel/en/legal/visa-law0/visa-bulletin/2025/visa-bulletin-for-march-2025.html
Date: March 2025
Bulletin already exists: 2025-03-01
  Saved 150 cutoff date records
✓ Saved to database

================================================================================
URL: https://travel.state.gov/content/travel/en/legal/visa-law0/visa-bulletin/2025/visa-bulletin-for-february-2025.html
Date: February 2025
Bulletin already exists: 2025-02-01
  Saved 150 cutoff date records
✓ Saved to database

================================================================================
URL: https://travel.state.gov/content/travel/en/legal/visa-law0/visa-bulletin/2025/visa-bulletin-for-january-2025.html
Date: January 2025
Bulletin already exists: 2025-01-01
  Saved 150 cutoff date records
✓ Saved to database

================================================================================
URL: https://travel.state.gov/content/travel/en/legal/visa-law0/visa-bulletin/2025/visa-bulletin-for-december-2024.html
Date: December 2024
Bulletin already exists: 2024-12-01
  Saved 150 cutoff date records
✓ Saved to database

================================================================================
URL: https://travel.state.gov/content/travel/en/legal/visa-law0/visa-bulletin/2025/visa-bulletin-for-november-2024.html
Date: November 2024
Bulletin already exists: 2024-11-01
  Saved 150 cutoff date records
✓ Saved to database

================================================================================
URL: https://travel.state.gov/content/travel/en/legal/visa-law0/visa-bulletin/2025/visa-bulletin-for-october-2024.html
Date: October 2024
Bulletin already exists: 2024-10-01
  Saved 150 cutoff date records
✓ Saved to database

================================================================================
URL: https://travel.state.gov/content/travel/en/legal/visa-law0/visa-bulletin/2024/visa-bulletin-for-september-2024.html
Date: September 2024
Bulletin already exists: 2024-09-01
  Saved 150 cutoff date records
✓ Saved to database

================================================================================
URL: https://travel.state.gov/content/travel/en/legal/visa-law0/visa-bulletin/2024/visa-bulletin-for-august-2024.html
Date: August 2024
Bulletin already exists: 2024-08-01
  Saved 150 cutoff date records
✓ Saved to database

================================================================================
URL: https://travel.state.gov/content/travel/en/legal/visa-law0/visa-bulletin/2024/visa-bulletin-for-july-2024.html
Date: July 2024
Bulletin already exists: 2024-07-01
  Saved 150 cutoff date records
✓ Saved to database

================================================================================
URL: https://travel.state.gov/content/travel/en/legal/visa-law0/visa-bulletin/2024/visa-bulletin-for-june-2024.html
Date: June 2024
Bulletin already exists: 2024-06-01
  Saved 150 cutoff date records
✓ Saved to database

================================================================================
URL: https://travel.state.gov/content/travel/en/legal/visa-law0/visa-bulletin/2024/visa-bulletin-for-may-2024.html
Date: May 2024
Bulletin already exists: 2024-05-01
  Saved 150 cutoff date records
✓ Saved to database

================================================================================
URL: https://travel.state.gov/content/travel/en/legal/visa-law0/visa-bulletin/2024/visa-bulletin-for-april-2024.html
Date: April 2024
Bulletin already exists: 2024-04-01
  Saved 150 cutoff date records
✓ Saved to database

================================================================================
URL: https://travel.state.gov/content/travel/en/legal/visa-law0/visa-bulletin/2024/visa-bulletin-for-march-2024.html
Date: March 2024
Bulletin already exists: 2024-03-01
  Saved 150 cutoff date records
✓ Saved to database

================================================================================
URL: https://travel.state.gov/content/travel/en/legal/visa-law0/visa-bulletin/2024/visa-bulletin-for-february-2024.html
Date: February 2024
Bulletin already exists: 2024-02-01
  Saved 150 cutoff date records
✓ Saved to database

================================================================================
URL: https://travel.state.gov/content/travel/en/legal/visa-law0/visa-bulletin/2024/visa-bulletin-for-january-2024.html
Date: January 2024
Bulletin already exists: 2024-01-01
  Saved 150 cutoff date records
✓ Saved to database

================================================================================
URL: https://travel.state.gov/content/travel/en/legal/visa-law0/visa-bulletin/2024/visa-bulletin-for-december-2023.html
Date: December 2023
Bulletin already exists: 2023-12-01
  Saved 150 cutoff date records
✓ Saved to database

================================================================================
URL: https://travel.state.gov/content/travel/en/legal/visa-law0/visa-bulletin/2024/visa-bulletin-for-november-2023.html
Date: November 2023
Bulletin already exists: 2023-11-01
  Saved 150 cutoff date records
✓ Saved to database

================================================================================
URL: https://travel.state.gov/content/travel/en/legal/visa-law0/visa-bulletin/2024/visa-bulletin-for-october-2023.html
Date: October 2023
Bulletin already exists: 2023-10-01
  Saved 150 cutoff date records
✓ Saved to database

================================================================================
URL: https://travel.state.gov/content/travel/en/legal/visa-law0/visa-bulletin/2023/visa-bulletin-for-september-2023.html
Date: September 2023
Bulletin already exists: 2023-09-01
  Saved 150 cutoff date records
✓ Saved to database

================================================================================
URL: https://travel.state.gov/content/travel/en/legal/visa-law0/visa-bulletin/2023/visa-bulletin-for-august-2023.html
Date: August 2023
Bulletin already exists: 2023-08-01
  Saved 150 cutoff date records
✓ Saved to database

================================================================================
URL: https://travel.state.gov/content/travel/en/legal/visa-law0/visa-bulletin/2023/visa-bulletin-for-july-2023.html
Date: July 2023
Bulletin already exists: 2023-07-01
  Saved 150 cutoff date records
✓ Saved to database

================================================================================
URL: https://travel.state.gov/content/travel/en/legal/visa-law0/visa-bulletin/2023/visa-bulletin-for-june-2023.html
Date: June 2023
Bulletin already exists: 2023-06-01
  Saved 150 cutoff date records
✓ Saved to database

================================================================================
URL: https://travel.state.gov/content/travel/en/legal/visa-law0/visa-bulletin/2023/visa-bulletin-for-may-2023.html
Date: May 2023
Bulletin already exists: 2023-05-01
  Saved 150 cutoff date records
✓ Saved to database

================================================================================
URL: https://travel.state.gov/content/travel/en/legal/visa-law0/visa-bulletin/2023/visa-bulletin-for-april-2023.html
Date: April 2023
Bulletin already exists: 2023-04-01
  Saved 150 cutoff date records
✓ Saved to database

================================================================================
URL: https://travel.state.gov/content/travel/en/legal/visa-law0/visa-bulletin/2023/visa-bulletin-for-march-2023.html
Date: March 2023
Bulletin already exists: 2023-03-01
  Saved 170 cutoff date records
✓ Saved to database

================================================================================
URL: https://travel.state.gov/content/travel/en/legal/visa-law0/visa-bulletin/2023/visa-bulletin-for-february-2023.html
Date: February 2023
Bulletin already exists: 2023-02-01
  Saved 170 cutoff date records
✓ Saved to database

================================================================================
URL: https://travel.state.gov/content/travel/en/legal/visa-law0/visa-bulletin/2023/visa-bulletin-for-january-2023.html
Date: January 2023
Bulletin already exists: 2023-01-01
  Saved 170 cutoff date records
✓ Saved to database

================================================================================
URL: https://travel.state.gov/content/travel/en/legal/visa-law0/visa-bulletin/2023/visa-bulletin-for-december-2022.html
Date: December 2022
Bulletin already exists: 2022-12-01
  Saved 170 cutoff date records
✓ Saved to database

================================================================================
URL: https://travel.state.gov/content/travel/en/legal/visa-law0/visa-bulletin/2023/visa-bulletin-for-november-2022.html
Date: November 2022
Bulletin already exists: 2022-11-01
  Saved 170 cutoff date records
✓ Saved to database

================================================================================
URL: https://travel.state.gov/content/travel/en/legal/visa-law0/visa-bulletin/2023/visa-bulletin-for-october-2022.html
Date: October 2022
Bulletin already exists: 2022-10-01
  Saved 170 cutoff date records
✓ Saved to database

================================================================================
URL: https://travel.state.gov/content/travel/en/legal/visa-law0/visa-bulletin/2022/visa-bulletin-for-september-2022.html
Date: September 2022
Bulletin already exists: 2022-09-01
  Saved 170 cutoff date records
✓ Saved to database

================================================================================
URL: https://travel.state.gov/content/travel/en/legal/visa-law0/visa-bulletin/2022/visa-bulletin-for-august-2022.html
Date: August 2022
Bulletin already exists: 2022-08-01
  Saved 170 cutoff date records
✓ Saved to database

================================================================================
URL: https://travel.state.gov/content/travel/en/legal/visa-law0/visa-bulletin/2022/visa-bulletin-for-july-2022.html
Date: July 2022
Bulletin already exists: 2022-07-01
  Saved 170 cutoff date records
✓ Saved to database

================================================================================
URL: https://travel.state.gov/content/travel/en/legal/visa-law0/visa-bulletin/2022/visa-bulletin-for-june-2022.html
Date: June 2022
Bulletin already exists: 2022-06-01
  Saved 170 cutoff date records
✓ Saved to database

================================================================================
URL: https://travel.state.gov/content/travel/en/legal/visa-law0/visa-bulletin/2022/visa-bulletin-for-may-2022.html
Date: May 2022
Bulletin already exists: 2022-05-01
  Saved 182 cutoff date records
✓ Saved to database

================================================================================
URL: https://travel.state.gov/content/travel/en/legal/visa-law0/visa-bulletin/2022/visa-bulletin-for-april-2022.html
Date: April 2022
Bulletin already exists: 2022-04-01
  Saved 146 cutoff date records
✓ Saved to database

================================================================================
URL: https://travel.state.gov/content/travel/en/legal/visa-law0/visa-bulletin/2022/visa-bulletin-for-march-2022.html
Date: March 2022
Bulletin already exists: 2022-03-01
  Saved 146 cutoff date records
✓ Saved to database

================================================================================
URL: https://travel.state.gov/content/travel/en/legal/visa-law0/visa-bulletin/2022/visa-bulletin-for-february-2022.html
Date: February 2022
Bulletin already exists: 2022-02-01
  Saved 146 cutoff date records
✓ Saved to database

================================================================================
URL: https://travel.state.gov/content/travel/en/legal/visa-law0/visa-bulletin/2022/visa-bulletin-for-january-2022.html
Date: January 2022
Bulletin already exists: 2022-01-01
  Saved 146 cutoff date records
✓ Saved to database

================================================================================
URL: https://travel.state.gov/content/travel/en/legal/visa-law0/visa-bulletin/2022/visa-bulletin-for-december-2021.html
Date: December 2021
Bulletin already exists: 2021-12-01
  Saved 146 cutoff date records
✓ Saved to database

================================================================================
URL: https://travel.state.gov/content/travel/en/legal/visa-law0/visa-bulletin/2022/visa-bulletin-for-november-2021.html
Date: November 2021
Bulletin already exists: 2021-11-01
  Saved 146 cutoff date records
✓ Saved to database

================================================================================
URL: https://travel.state.gov/content/travel/en/legal/visa-law0/visa-bulletin/2022/visa-bulletin-for-october-2021.html
Date: October 2021
Bulletin already exists: 2021-10-01
  Saved 146 cutoff date records
✓ Saved to database

================================================================================
URL: https://travel.state.gov/content/travel/en/legal/visa-law0/visa-bulletin/2021/visa-bulletin-for-september-2021.html
Date: September 2021
Bulletin already exists: 2021-09-01
  Saved 146 cutoff date records
✓ Saved to database

================================================================================
URL: https://travel.state.gov/content/travel/en/legal/visa-law0/visa-bulletin/2021/visa-bulletin-for-august-2021.html
Date: August 2021
Bulletin already exists: 2021-08-01
  Saved 146 cutoff date records
✓ Saved to database

================================================================================
URL: https://travel.state.gov/content/travel/en/legal/visa-law0/visa-bulletin/2021/visa-bulletin-for-july-2021.html
Date: July 2021
Bulletin already exists: 2021-07-01
  Saved 146 cutoff date records
✓ Saved to database

================================================================================
URL: https://travel.state.gov/content/travel/en/legal/visa-law0/visa-bulletin/2021/visa-bulletin-for-june-2021.html
Date: June 2021
Bulletin already exists: 2021-06-01
  Saved 146 cutoff date records
✓ Saved to database

================================================================================
URL: https://travel.state.gov/content/travel/en/legal/visa-law0/visa-bulletin/2021/visa-bulletin-for-may-2021.html
Date: May 2021
Bulletin already exists: 2021-05-01
  Saved 146 cutoff date records
✓ Saved to database

================================================================================
URL: https://travel.state.gov/content/travel/en/legal/visa-law0/visa-bulletin/2021/visa-bulletin-for-april-2021.html
Date: April 2021
Bulletin already exists: 2021-04-01
  Saved 146 cutoff date records
✓ Saved to database

================================================================================
URL: https://travel.state.gov/content/travel/en/legal/visa-law0/visa-bulletin/2021/visa-bulletin-for-march-2021.html
Date: March 2021
Bulletin already exists: 2021-03-01
  Saved 146 cutoff date records
✓ Saved to database

================================================================================
URL: https://travel.state.gov/content/travel/en/legal/visa-law0/visa-bulletin/2021/visa-bulletin-for-february-2021.html
Date: February 2021
Bulletin already exists: 2021-02-01
  Saved 146 cutoff date records
✓ Saved to database

================================================================================
URL: https://travel.state.gov/content/travel/en/legal/visa-law0/visa-bulletin/2021/visa-bulletin-for-january-2021.html
Date: January 2021
Bulletin already exists: 2021-01-01
  Saved 146 cutoff date records
✓ Saved to database

================================================================================
URL: https://travel.state.gov/content/travel/en/legal/visa-law0/visa-bulletin/2021/visa-bulletin-for-december-2020.html
Date: December 2020
Bulletin already exists: 2020-12-01
  Saved 146 cutoff date records
✓ Saved to database

================================================================================
URL: https://travel.state.gov/content/travel/en/legal/visa-law0/visa-bulletin/2021/visa-bulletin-for-november-2020.html
Date: November 2020
Bulletin already exists: 2020-11-01
  Saved 146 cutoff date records
✓ Saved to database

================================================================================
URL: https://travel.state.gov/content/travel/en/legal/visa-law0/visa-bulletin/2021/visa-bulletin-for-october-2020.html
Date: October 2020
Bulletin already exists: 2020-10-01
  Saved 146 cutoff date records
✓ Saved to database

================================================================================
URL: https://travel.state.gov/content/travel/en/legal/visa-law0/visa-bulletin/2020/visa-bulletin-for-september-2020.html
Date: September 2020
Bulletin already exists: 2020-09-01
  Saved 146 cutoff date records
✓ Saved to database

================================================================================
URL: https://travel.state.gov/content/travel/en/legal/visa-law0/visa-bulletin/2020/visa-bulletin-for-august-2020.html
Date: August 2020
Bulletin already exists: 2020-08-01
  Saved 146 cutoff date records
✓ Saved to database

================================================================================
URL: https://travel.state.gov/content/travel/en/legal/visa-law0/visa-bulletin/2020/visa-bulletin-for-july-2020.html
Date: July 2020
Bulletin already exists: 2020-07-01
  Saved 146 cutoff date records
✓ Saved to database

================================================================================
URL: https://travel.state.gov/content/travel/en/legal/visa-law0/visa-bulletin/2020/visa-bulletin-for-june-2020.html
Date: June 2020
Bulletin already exists: 2020-06-01
  Saved 146 cutoff date records
✓ Saved to database

================================================================================
URL: https://travel.state.gov/content/travel/en/legal/visa-law0/visa-bulletin/2020/visa-bulletin-for-may-2020.html
Date: May 2020
Bulletin already exists: 2020-05-01
  Saved 146 cutoff date records
✓ Saved to database

================================================================================
URL: https://travel.state.gov/content/travel/en/legal/visa-law0/visa-bulletin/2020/visa-bulletin-for-april-2020.html
Date: April 2020
Bulletin already exists: 2020-04-01
  Saved 146 cutoff date records
✓ Saved to database

================================================================================
URL: https://travel.state.gov/content/travel/en/legal/visa-law0/visa-bulletin/2020/visa-bulletin-for-march-2020.html
Date: March 2020
Bulletin already exists: 2020-03-01
  Saved 146 cutoff date records
✓ Saved to database

================================================================================
URL: https://travel.state.gov/content/travel/en/legal/visa-law0/visa-bulletin/2020/visa-bulletin-for-february-2020.html
Date: February 2020
Bulletin already exists: 2020-02-01
  Saved 146 cutoff date records
✓ Saved to database

================================================================================
URL: https://travel.state.gov/content/travel/en/legal/visa-law0/visa-bulletin/2020/visa-bulletin-for-january-2020.html
Date: January 2020
Bulletin already exists: 2020-01-01
  Saved 146 cutoff date records
✓ Saved to database

================================================================================
URL: https://travel.state.gov/content/travel/en/legal/visa-law0/visa-bulletin/2020/visa-bulletin-for-december-2019.html
Date: December 2019
Bulletin already exists: 2019-12-01
  Saved 146 cutoff date records
✓ Saved to database

================================================================================
URL: https://travel.state.gov/content/travel/en/legal/visa-law0/visa-bulletin/2020/visa-bulletin-for-november-2019.html
Date: November 2019
Bulletin already exists: 2019-11-01
  Saved 146 cutoff date records
✓ Saved to database

================================================================================
URL: https://travel.state.gov/content/travel/en/legal/visa-law0/visa-bulletin/2020/visa-bulletin-for-october-2019.html
Date: October 2019
Bulletin already exists: 2019-10-01
  Saved 146 cutoff date records
✓ Saved to database

================================================================================
URL: https://travel.state.gov/content/travel/en/legal/visa-law0/visa-bulletin/2019/visa-bulletin-for-september-2019.html
Date: September 2019
Bulletin already exists: 2019-09-01
  Saved 146 cutoff date records
✓ Saved to database

================================================================================
URL: https://travel.state.gov/content/travel/en/legal/visa-law0/visa-bulletin/2019/visa-bulletin-for-august-2019.html
Date: August 2019
Bulletin already exists: 2019-08-01
  Saved 146 cutoff date records
✓ Saved to database

================================================================================
URL: https://travel.state.gov/content/travel/en/legal/visa-law0/visa-bulletin/2019/visa-bulletin-for-july-2019.html
Date: July 2019
Bulletin already exists: 2019-07-01
  Saved 146 cutoff date records
✓ Saved to database

================================================================================
URL: https://travel.state.gov/content/travel/en/legal/visa-law0/visa-bulletin/2019/visa-bulletin-for-june-2019.html
Date: June 2019
Bulletin already exists: 2019-06-01
  Saved 146 cutoff date records
✓ Saved to database

================================================================================
URL: https://travel.state.gov/content/travel/en/legal/visa-law0/visa-bulletin/2019/visa-bulletin-for-may-2019.html
Date: May 2019
Bulletin already exists: 2019-05-01
  Saved 146 cutoff date records
✓ Saved to database

================================================================================
URL: https://travel.state.gov/content/travel/en/legal/visa-law0/visa-bulletin/2019/visa-bulletin-for-april-2019.html
Date: April 2019
Bulletin already exists: 2019-04-01
  Saved 146 cutoff date records
✓ Saved to database

================================================================================
URL: https://travel.state.gov/content/travel/en/legal/visa-law0/visa-bulletin/2019/visa-bulletin-for-march-2019.html
Date: March 2019
Bulletin already exists: 2019-03-01
  Saved 146 cutoff date records
✓ Saved to database

================================================================================
URL: https://travel.state.gov/content/travel/en/legal/visa-law0/visa-bulletin/2019/visa-bulletin-for-february-2019.html
Date: February 2019
Bulletin already exists: 2019-02-01
  Saved 146 cutoff date records
✓ Saved to database

================================================================================
URL: https://travel.state.gov/content/travel/en/legal/visa-law0/visa-bulletin/2019/visa-bulletin-for-january-2019.html
Date: January 2019
Bulletin already exists: 2019-01-01
  Saved 146 cutoff date records
✓ Saved to database

================================================================================
URL: https://travel.state.gov/content/travel/en/legal/visa-law0/visa-bulletin/2019/visa-bulletin-for-december-2018.html
Date: December 2018
Bulletin already exists: 2018-12-01
  Saved 146 cutoff date records
✓ Saved to database

================================================================================
URL: https://travel.state.gov/content/travel/en/legal/visa-law0/visa-bulletin/2019/visa-bulletin-for-november-2018.html
Date: November 2018
Bulletin already exists: 2018-11-01
  Saved 146 cutoff date records
✓ Saved to database

================================================================================
URL: https://travel.state.gov/content/travel/en/legal/visa-law0/visa-bulletin/2019/visa-bulletin-for-october-2018.html
Date: October 2018
Bulletin already exists: 2018-10-01
  Saved 146 cutoff date records
✓ Saved to database

================================================================================
URL: https://travel.state.gov/content/travel/en/legal/visa-law0/visa-bulletin/2018/visa-bulletin-for-september-2018.html
Date: September 2018
Bulletin already exists: 2018-09-01
  Saved 146 cutoff date records
✓ Saved to database

================================================================================
URL: https://travel.state.gov/content/travel/en/legal/visa-law0/visa-bulletin/2018/visa-bulletin-for-august-2018.html
Date: August 2018
Bulletin already exists: 2018-08-01
  Saved 146 cutoff date records
✓ Saved to database

================================================================================
URL: https://travel.state.gov/content/travel/en/legal/visa-law0/visa-bulletin/2018/visa-bulletin-for-july-2018.html
Date: July 2018
Bulletin already exists: 2018-07-01
  Saved 146 cutoff date records
✓ Saved to database

================================================================================
URL: https://travel.state.gov/content/travel/en/legal/visa-law0/visa-bulletin/2018/visa-bulletin-for-june-2018.html
Date: June 2018
Bulletin already exists: 2018-06-01
  Saved 146 cutoff date records
✓ Saved to database

================================================================================
URL: https://travel.state.gov/content/travel/en/legal/visa-law0/visa-bulletin/2018/visa-bulletin-for-may-2018.html
Date: May 2018
Bulletin already exists: 2018-05-01
  Saved 146 cutoff date records
✓ Saved to database

================================================================================
URL: https://travel.state.gov/content/travel/en/legal/visa-law0/visa-bulletin/2018/visa-bulletin-for-april-2018.html
Date: April 2018
Bulletin already exists: 2018-04-01
  Saved 146 cutoff date records
✓ Saved to database

================================================================================
URL: https://travel.state.gov/content/travel/en/legal/visa-law0/visa-bulletin/2018/visa-bulletin-for-march-2018.html
Date: March 2018
Bulletin already exists: 2018-03-01
  Saved 146 cutoff date records
✓ Saved to database

================================================================================
URL: https://travel.state.gov/content/travel/en/legal/visa-law0/visa-bulletin/2018/visa-bulletin-for-february-2018.html
Date: February 2018
Bulletin already exists: 2018-02-01
  Saved 146 cutoff date records
✓ Saved to database

================================================================================
URL: https://travel.state.gov/content/travel/en/legal/visa-law0/visa-bulletin/2018/visa-bulletin-for-january-2018.html
Date: January 2018
Bulletin already exists: 2018-01-01
  Saved 146 cutoff date records
✓ Saved to database

================================================================================
URL: https://travel.state.gov/content/travel/en/legal/visa-law0/visa-bulletin/2018/visa-bulletin-for-december-2017.html
Date: December 2017
Bulletin already exists: 2017-12-01
  Saved 146 cutoff date records
✓ Saved to database

================================================================================
URL: https://travel.state.gov/content/travel/en/legal/visa-law0/visa-bulletin/2018/visa-bulletin-for-november-2017.html
Date: November 2017
Bulletin already exists: 2017-11-01
  Saved 146 cutoff date records
✓ Saved to database

================================================================================
URL: https://travel.state.gov/content/travel/en/legal/visa-law0/visa-bulletin/2018/visa-bulletin-for-october-2017.html
Date: October 2017
Bulletin already exists: 2017-10-01
  Saved 146 cutoff date records
✓ Saved to database

================================================================================
URL: https://travel.state.gov/content/travel/en/legal/visa-law0/visa-bulletin/2017/visa-bulletin-for-september-2017.html
Date: September 2017
Bulletin already exists: 2017-09-01
  Saved 138 cutoff date records
✓ Saved to database

================================================================================
URL: https://travel.state.gov/content/travel/en/legal/visa-law0/visa-bulletin/2017/visa-bulletin-for-august-2017.html
Date: August 2017
Bulletin already exists: 2017-08-01
  Saved 138 cutoff date records
✓ Saved to database

================================================================================
URL: https://travel.state.gov/content/travel/en/legal/visa-law0/visa-bulletin/2017/visa-bulletin-for-july-2017.html
Date: July 2017
Bulletin already exists: 2017-07-01
  Saved 138 cutoff date records
✓ Saved to database

================================================================================
URL: https://travel.state.gov/content/travel/en/legal/visa-law0/visa-bulletin/2017/visa-bulletin-for-june-2017.html
Date: June 2017
Bulletin already exists: 2017-06-01
  Saved 138 cutoff date records
✓ Saved to database

================================================================================
URL: https://travel.state.gov/content/travel/en/legal/visa-law0/visa-bulletin/2017/visa-bulletin-for-may-2017.html
Date: May 2017
Bulletin already exists: 2017-05-01
  Saved 138 cutoff date records
✓ Saved to database

================================================================================
URL: https://travel.state.gov/content/travel/en/legal/visa-law0/visa-bulletin/2017/visa-bulletin-for-april-2017.html
Date: April 2017
Bulletin already exists: 2017-04-01
  Saved 138 cutoff date records
✓ Saved to database

================================================================================
URL: https://travel.state.gov/content/travel/en/legal/visa-law0/visa-bulletin/2017/visa-bulletin-for-march-2017.html
Date: March 2017
Bulletin already exists: 2017-03-01
  Saved 138 cutoff date records
✓ Saved to database

================================================================================
URL: https://travel.state.gov/content/travel/en/legal/visa-law0/visa-bulletin/2017/visa-bulletin-for-february-2017.html
Date: February 2017
Bulletin already exists: 2017-02-01
  Saved 138 cutoff date records
✓ Saved to database

================================================================================
URL: https://travel.state.gov/content/travel/en/legal/visa-law0/visa-bulletin/2017/visa-bulletin-for-january-2017.html
Date: January 2017
Bulletin already exists: 2017-01-01
  Saved 138 cutoff date records
✓ Saved to database

================================================================================
URL: https://travel.state.gov/content/travel/en/legal/visa-law0/visa-bulletin/2017/visa-bulletin-for-december-2016.html
Date: December 2016
Bulletin already exists: 2016-12-01
  Saved 138 cutoff date records
✓ Saved to database

================================================================================
URL: https://travel.state.gov/content/travel/en/legal/visa-law0/visa-bulletin/2017/visa-bulletin-for-november-2016.html
Date: November 2016
Bulletin already exists: 2016-11-01
  Saved 138 cutoff date records
✓ Saved to database

================================================================================
URL: https://travel.state.gov/content/travel/en/legal/visa-law0/visa-bulletin/2017/visa-bulletin-for-october-2016.html
Date: October 2016
Bulletin already exists: 2016-10-01
  Saved 138 cutoff date records
✓ Saved to database

================================================================================
URL: https://travel.state.gov/content/travel/en/legal/visa-law0/visa-bulletin/2016/visa-bulletin-for-september-2016.html
Date: September 2016
Bulletin already exists: 2016-09-01
  Saved 138 cutoff date records
✓ Saved to database

================================================================================
URL: https://travel.state.gov/content/travel/en/legal/visa-law0/visa-bulletin/2016/visa-bulletin-for-august-2016.html
Date: August 2016
Bulletin already exists: 2016-08-01
  Saved 65 cutoff date records
✓ Saved to database

================================================================================
URL: https://travel.state.gov/content/travel/en/legal/visa-law0/visa-bulletin/2016/visa-bulletin-for-july-2016.html
Date: July 2016
Bulletin already exists: 2016-07-01
  Saved 65 cutoff date records
✓ Saved to database

================================================================================
URL: https://travel.state.gov/content/travel/en/legal/visa-law0/visa-bulletin/2016/visa-bulletin-for-june-2016.html
Date: June 2016
Bulletin already exists: 2016-06-01
  Saved 65 cutoff date records
✓ Saved to database

================================================================================
URL: https://travel.state.gov/content/travel/en/legal/visa-law0/visa-bulletin/2016/visa-bulletin-for-may-2016.html
Date: May 2016
Bulletin already exists: 2016-05-01
  Saved 65 cutoff date records
✓ Saved to database

================================================================================
URL: https://travel.state.gov/content/travel/en/legal/visa-law0/visa-bulletin/2016/visa-bulletin-for-april-2016.html
Date: April 2016
Bulletin already exists: 2016-04-01
  Saved 65 cutoff date records
✓ Saved to database

================================================================================
URL: https://travel.state.gov/content/travel/en/legal/visa-law0/visa-bulletin/2016/visa-bulletin-for-march-2016.html
Date: March 2016
Bulletin already exists: 2016-03-01
  Saved 65 cutoff date records
✓ Saved to database

================================================================================
URL: https://travel.state.gov/content/travel/en/legal/visa-law0/visa-bulletin/2016/visa-bulletin-for-february-2016.html
Date: February 2016
Bulletin already exists: 2016-02-01
  Saved 65 cutoff date records
✓ Saved to database

================================================================================
URL: https://travel.state.gov/content/travel/en/legal/visa-law0/visa-bulletin/2016/visa-bulletin-for-january-2016.html
Date: January 2016
Bulletin already exists: 2016-01-01
  Saved 65 cutoff date records
✓ Saved to database

================================================================================
URL: https://travel.state.gov/content/travel/en/legal/visa-law0/visa-bulletin/2016/visa-bulletin-for-december-2015.html
Date: December 2015
Bulletin already exists: 2015-12-01
  Saved 65 cutoff date records
✓ Saved to database

================================================================================
URL: https://travel.state.gov/content/travel/en/legal/visa-law0/visa-bulletin/2016/visa-bulletin-for-november-2015.html
Date: November 2015
Bulletin already exists: 2015-11-01
  Saved 65 cutoff date records
✓ Saved to database

================================================================================
URL: https://travel.state.gov/content/travel/en/legal/visa-law0/visa-bulletin/2016/visa-bulletin-for-october-2015.html
Date: October 2015
Bulletin already exists: 2015-10-01
  Saved 0 cutoff date records
✓ Saved to database

================================================================================
URL: https://travel.state.gov/content/travel/en/legal/visa-law0/visa-bulletin/2015/visa-bulletin-for-september-2015.html
Date: September 2015
Bulletin already exists: 2015-09-01
  Saved 0 cutoff date records
✓ Saved to database

================================================================================
URL: https://travel.state.gov/content/travel/en/legal/visa-law0/visa-bulletin/2015/visa-bulletin-for-august-2015.html
Date: August 2015
Bulletin already exists: 2015-08-01
  Saved 0 cutoff date records
✓ Saved to database

================================================================================
URL: https://travel.state.gov/content/travel/en/legal/visa-law0/visa-bulletin/2015/visa-bulletin-for-july-2015.html
Date: July 2015
Bulletin already exists: 2015-07-01
  Saved 0 cutoff date records
✓ Saved to database

================================================================================
URL: https://travel.state.gov/content/travel/en/legal/visa-law0/visa-bulletin/2015/visa-bulletin-for-june-2015.html
Date: June 2015
Bulletin already exists: 2015-06-01
  Saved 0 cutoff date records
✓ Saved to database

================================================================================
URL: https://travel.state.gov/content/travel/en/legal/visa-law0/visa-bulletin/2015/visa-bulletin-for-may-2015.html
Date: May 2015
Bulletin already exists: 2015-05-01
  Saved 0 cutoff date records
✓ Saved to database

================================================================================
URL: https://travel.state.gov/content/travel/en/legal/visa-law0/visa-bulletin/2015/visa-bulletin-for-april-2015.html
Date: April 2015
Bulletin already exists: 2015-04-01
  Saved 0 cutoff date records
✓ Saved to database

================================================================================
URL: https://travel.state.gov/content/travel/en/legal/visa-law0/visa-bulletin/2015/visa-bulletin-for-march-2015.html
Date: March 2015
Bulletin already exists: 2015-03-01
  Saved 0 cutoff date records
✓ Saved to database

================================================================================
URL: https://travel.state.gov/content/travel/en/legal/visa-law0/visa-bulletin/2015/visa-bulletin-for-february-2015.html
Date: February 2015
Bulletin already exists: 2015-02-01
  Saved 0 cutoff date records
✓ Saved to database

================================================================================
URL: https://travel.state.gov/content/travel/en/legal/visa-law0/visa-bulletin/2015/visa-bulletin-for-january-2015.html
Date: January 2015
Bulletin already exists: 2015-01-01
  Saved 0 cutoff date records
✓ Saved to database

================================================================================
URL: https://travel.state.gov/content/travel/en/legal/visa-law0/visa-bulletin/2015/visa-bulletin-for-december-2014.html
Date: December 2014
Bulletin already exists: 2014-12-01
  Saved 0 cutoff date records
✓ Saved to database

================================================================================
URL: https://travel.state.gov/content/travel/en/legal/visa-law0/visa-bulletin/2015/visa-bulletin-for-november-2014.html
Date: November 2014
Bulletin already exists: 2014-11-01
  Saved 0 cutoff date records
✓ Saved to database

================================================================================
URL: https://travel.state.gov/content/travel/en/legal/visa-law0/visa-bulletin/2015/visa-bulletin-for-october-2014.html
Date: October 2014
Bulletin already exists: 2014-10-01
  Saved 0 cutoff date records
✓ Saved to database

================================================================================
URL: https://travel.state.gov/content/travel/en/legal/visa-law0/visa-bulletin/2014/visa-bulletin-for-september-2014.html
Date: September 2014
Bulletin already exists: 2014-09-01
  Saved 0 cutoff date records
✓ Saved to database

================================================================================
URL: https://travel.state.gov/content/travel/en/legal/visa-law0/visa-bulletin/2014/visa-bulletin-for-august-2014.html
Date: August 2014
Bulletin already exists: 2014-08-01
  Saved 0 cutoff date records
✓ Saved to database

================================================================================
URL: https://travel.state.gov/content/travel/en/legal/visa-law0/visa-bulletin/2014/visa-bulletin-for-july-2014.html
Date: July 2014
Bulletin already exists: 2014-07-01
  Saved 0 cutoff date records
✓ Saved to database

================================================================================
URL: https://travel.state.gov/content/travel/en/legal/visa-law0/visa-bulletin/2014/visa-bulletin-for-june-2014.html
Date: June 2014
Bulletin already exists: 2014-06-01
  Saved 0 cutoff date records
✓ Saved to database

================================================================================
URL: https://travel.state.gov/content/travel/en/legal/visa-law0/visa-bulletin/2014/visa-bulletin-for-may-2014.html
Date: May 2014
Bulletin already exists: 2014-05-01
  Saved 0 cutoff date records
✓ Saved to database

================================================================================
URL: https://travel.state.gov/content/travel/en/legal/visa-law0/visa-bulletin/2014/visa-bulletin-for-april-2014.html
Date: April 2014
Bulletin already exists: 2014-04-01
  Saved 0 cutoff date records
✓ Saved to database

================================================================================
URL: https://travel.state.gov/content/travel/en/legal/visa-law0/visa-bulletin/2014/visa-bulletin-for-march-2014.html
Date: March 2014
Bulletin already exists: 2014-03-01
  Saved 0 cutoff date records
✓ Saved to database

================================================================================
URL: https://travel.state.gov/content/travel/en/legal/visa-law0/visa-bulletin/2014/visa-bulletin-for-february-2014.html
Date: February 2014
Bulletin already exists: 2014-02-01
  Saved 0 cutoff date records
✓ Saved to database

================================================================================
URL: https://travel.state.gov/content/travel/en/legal/visa-law0/visa-bulletin/2014/visa-bulletin-for-january-2014.html
Date: January 2014
Bulletin already exists: 2014-01-01
  Saved 0 cutoff date records
✓ Saved to database

================================================================================
URL: https://travel.state.gov/content/travel/en/legal/visa-law0/visa-bulletin/2014/visa-bulletin-for-december-2013.html
Date: December 2013
Bulletin already exists: 2013-12-01
  Saved 0 cutoff date records
✓ Saved to database

================================================================================
URL: https://travel.state.gov/content/travel/en/legal/visa-law0/visa-bulletin/2014/visa-bulletin-for-november-2013.html
Date: November 2013
Bulletin already exists: 2013-11-01
  Saved 0 cutoff date records
✓ Saved to database

================================================================================
URL: https://travel.state.gov/content/travel/en/legal/visa-law0/visa-bulletin/2014/visa-bulletin-for-october-2013.html
Date: October 2013
Bulletin already exists: 2013-10-01
  Saved 0 cutoff date records
✓ Saved to database

================================================================================
URL: https://travel.state.gov/content/travel/en/legal/visa-law0/visa-bulletin/2013/visa-bulletin-for-september-2013.html
Date: September 2013
Bulletin already exists: 2013-09-01
  Saved 0 cutoff date records
✓ Saved to database

================================================================================
URL: https://travel.state.gov/content/travel/en/legal/visa-law0/visa-bulletin/2013/visa-bulletin-for-august-2013.html
Date: August 2013
Bulletin already exists: 2013-08-01
  Saved 0 cutoff date records
✓ Saved to database

================================================================================
URL: https://travel.state.gov/content/travel/en/legal/visa-law0/visa-bulletin/2013/visa-bulletin-for-july-2013.html
Date: July 2013
Bulletin already exists: 2013-07-01
  Saved 0 cutoff date records
✓ Saved to database

================================================================================
URL: https://travel.state.gov/content/travel/en/legal/visa-law0/visa-bulletin/2013/visa-bulletin-for-june-2013.html
Date: June 2013
Bulletin already exists: 2013-06-01
  Saved 0 cutoff date records
✓ Saved to database

================================================================================
URL: https://travel.state.gov/content/travel/en/legal/visa-law0/visa-bulletin/2013/visa-bulletin-for-may-2013.html
Date: May 2013
Bulletin already exists: 2013-05-01
  Saved 0 cutoff date records
✓ Saved to database

================================================================================
URL: https://travel.state.gov/content/travel/en/legal/visa-law0/visa-bulletin/2013/visa-bulletin-for-april-2013.html
Date: April 2013
Bulletin already exists: 2013-04-01
  Saved 0 cutoff date records
✓ Saved to database

================================================================================
URL: https://travel.state.gov/content/travel/en/legal/visa-law0/visa-bulletin/2013/visa-bulletin-for-march-2013.html
Date: March 2013
Bulletin already exists: 2013-03-01
  Saved 0 cutoff date records
✓ Saved to database

================================================================================
URL: https://travel.state.gov/content/travel/en/legal/visa-law0/visa-bulletin/2013/visa-bulletin-for-february-2013.html
Date: February 2013
Bulletin already exists: 2013-02-01
  Saved 0 cutoff date records
✓ Saved to database

================================================================================
URL: https://travel.state.gov/content/travel/en/legal/visa-law0/visa-bulletin/2013/visa-bulletin-for-january-2013.html
Date: January 2013
Bulletin already exists: 2013-01-01
  Saved 0 cutoff date records
✓ Saved to database

================================================================================
URL: https://travel.state.gov/content/travel/en/legal/visa-law0/visa-bulletin/2013/visa-bulletin-for-december-2012.html
Date: December 2012
Bulletin already exists: 2012-12-01
  Saved 0 cutoff date records
✓ Saved to database

================================================================================
URL: https://travel.state.gov/content/travel/en/legal/visa-law0/visa-bulletin/2013/visa-bulletin-for-november-2012.html
Date: November 2012
Bulletin already exists: 2012-11-01
  Saved 0 cutoff date records
✓ Saved to database

================================================================================
URL: https://travel.state.gov/content/travel/en/legal/visa-law0/visa-bulletin/2012/visa-bulletin-for-september-2012.html
Date: September 2012
Bulletin already exists: 2012-09-01
  Saved 0 cutoff date records
✓ Saved to database

================================================================================
URL: https://travel.state.gov/content/travel/en/legal/visa-law0/visa-bulletin/2012/visa-bulletin-for-august-2012.html
Date: August 2012
Bulletin already exists: 2012-08-01
  Saved 0 cutoff date records
✓ Saved to database

================================================================================
URL: https://travel.state.gov/content/travel/en/legal/visa-law0/visa-bulletin/2012/visa-bulletin-for-july-2012.html
Date: July 2012
Bulletin already exists: 2012-07-01
  Saved 0 cutoff date records
✓ Saved to database

================================================================================
URL: https://travel.state.gov/content/travel/en/legal/visa-law0/visa-bulletin/2012/visa-bulletin-for-june-2012.html
Date: June 2012
Bulletin already exists: 2012-06-01
  Saved 0 cutoff date records
✓ Saved to database

================================================================================
URL: https://travel.state.gov/content/travel/en/legal/visa-law0/visa-bulletin/2012/visa-bulletin-for-may-2012.html
Date: May 2012
Created new bulletin: 2012-05-01
  Saved 0 cutoff date records
✓ Saved to database

================================================================================
URL: https://travel.state.gov/content/travel/en/legal/visa-law0/visa-bulletin/2012/visa-bulletin-for-april-2012.html
Date: April 2012
Created new bulletin: 2012-04-01
  Saved 0 cutoff date records
✓ Saved to database

================================================================================
URL: https://travel.state.gov/content/travel/en/legal/visa-law0/visa-bulletin/2012/visa-bulletin-for-march-2012.html
Date: March 2012
Created new bulletin: 2012-03-01
  Saved 0 cutoff date records
✓ Saved to database

================================================================================
URL: https://travel.state.gov/content/travel/en/legal/visa-law0/visa-bulletin/2012/visa-bulletin-for-february-2012.html
Date: February 2012
Created new bulletin: 2012-02-01
  Saved 0 cutoff date records
✓ Saved to database

================================================================================
URL: https://travel.state.gov/content/travel/en/legal/visa-law0/visa-bulletin/2012/visa-bulletin-for-january-2012.html
Date: January 2012
Created new bulletin: 2012-01-01
  Saved 0 cutoff date records
✓ Saved to database

================================================================================
URL: https://travel.state.gov/content/travel/en/legal/visa-law0/visa-bulletin/2012/visa-bulletin-for-december-2011.html
Date: December 2011
Created new bulletin: 2011-12-01
  Saved 0 cutoff date records
✓ Saved to database

================================================================================
URL: https://travel.state.gov/content/travel/en/legal/visa-law0/visa-bulletin/2012/visa-bulletin-for-november-2011.html
Date: November 2011
Created new bulletin: 2011-11-01
  Saved 0 cutoff date records
✓ Saved to database

================================================================================
URL: https://travel.state.gov/content/travel/en/legal/visa-law0/visa-bulletin/2012/visa-bulletin-for-october-2011.html
Date: October 2011
Created new bulletin: 2011-10-01
  Saved 0 cutoff date records
✓ Saved to database

================================================================================
URL: https://travel.state.gov/content/travel/en/legal/visa-law0/visa-bulletin/2011/visa-bulletin-for-september-2011.html
Date: September 2011
Created new bulletin: 2011-09-01
  Saved 0 cutoff date records
✓ Saved to database

================================================================================
URL: https://travel.state.gov/content/travel/en/legal/visa-law0/visa-bulletin/2011/visa-bulletin-for-august-2011.html
Date: August 2011
Created new bulletin: 2011-08-01
  Saved 0 cutoff date records
✓ Saved to database

================================================================================
URL: https://travel.state.gov/content/travel/en/legal/visa-law0/visa-bulletin/2011/visa-bulletin-for-july-2011.html
Date: July 2011
Created new bulletin: 2011-07-01
  Saved 0 cutoff date records
✓ Saved to database

================================================================================
URL: https://travel.state.gov/content/travel/en/legal/visa-law0/visa-bulletin/2011/visa-bulletin-for-june-2011.html
Date: June 2011
Created new bulletin: 2011-06-01
  Saved 0 cutoff date records
✓ Saved to database

================================================================================
URL: https://travel.state.gov/content/travel/en/legal/visa-law0/visa-bulletin/2011/visa-bulletin-for-may-2011.html
Date: May 2011
Created new bulletin: 2011-05-01
  Saved 0 cutoff date records
✓ Saved to database

================================================================================
URL: https://travel.state.gov/content/travel/en/legal/visa-law0/visa-bulletin/2011/visa-bulletin-for-april-2011.html
Date: April 2011
Created new bulletin: 2011-04-01
  Saved 0 cutoff date records
✓ Saved to database

================================================================================
URL: https://travel.state.gov/content/travel/en/legal/visa-law0/visa-bulletin/2011/visa-bulletin-for-march-2011.html
Date: March 2011
Created new bulletin: 2011-03-01
  Saved 0 cutoff date records
✓ Saved to database

================================================================================
URL: https://travel.state.gov/content/travel/en/legal/visa-law0/visa-bulletin/2011/visa-bulletin-for-february-2011.html
Date: February 2011
Created new bulletin: 2011-02-01
  Saved 0 cutoff date records
✓ Saved to database

================================================================================
URL: https://travel.state.gov/content/travel/en/legal/visa-law0/visa-bulletin/2011/visa-bulletin-for-january-2011.html
Date: January 2011
Created new bulletin: 2011-01-01
  Saved 0 cutoff date records
✓ Saved to database

================================================================================
URL: https://travel.state.gov/content/travel/en/legal/visa-law0/visa-bulletin/2011/visa-bulletin-for-december-2010.html
Date: December 2010
Created new bulletin: 2010-12-01
  Saved 0 cutoff date records
✓ Saved to database

================================================================================
URL: https://travel.state.gov/content/travel/en/legal/visa-law0/visa-bulletin/2011/visa-bulletin-for-november-2010.html
Date: November 2010
Created new bulletin: 2010-11-01
  Saved 0 cutoff date records
✓ Saved to database

================================================================================
URL: https://travel.state.gov/content/travel/en/legal/visa-law0/visa-bulletin/2011/visa-bulletin-for-october-2010.html
Date: October 2010
Created new bulletin: 2010-10-01
  Saved 0 cutoff date records
✓ Saved to database

================================================================================
URL: https://travel.state.gov/content/travel/en/legal/visa-law0/visa-bulletin/2010/visa-bulletin-for-september-2010.html
Date: September 2010
Created new bulletin: 2010-09-01
  Saved 0 cutoff date records
✓ Saved to database

================================================================================
URL: https://travel.state.gov/content/travel/en/legal/visa-law0/visa-bulletin/2010/visa-bulletin-for-august-2010.html
Date: August 2010
Created new bulletin: 2010-08-01
  Saved 0 cutoff date records
✓ Saved to database

================================================================================
URL: https://travel.state.gov/content/travel/en/legal/visa-law0/visa-bulletin/2010/visa-bulletin-for-july-2010.html
Date: July 2010
Created new bulletin: 2010-07-01
  Saved 0 cutoff date records
✓ Saved to database

================================================================================
URL: https://travel.state.gov/content/travel/en/legal/visa-law0/visa-bulletin/2010/visa-bulletin-for-june-2010.html
Date: June 2010
Created new bulletin: 2010-06-01
  Saved 0 cutoff date records
✓ Saved to database

================================================================================
URL: https://travel.state.gov/content/travel/en/legal/visa-law0/visa-bulletin/2010/visa-bulletin-for-may-2010.html
Date: May 2010
Created new bulletin: 2010-05-01
  Saved 0 cutoff date records
✓ Saved to database

================================================================================
URL: https://travel.state.gov/content/travel/en/legal/visa-law0/visa-bulletin/2010/visa-bulletin-for-april-2010.html
Date: April 2010
Created new bulletin: 2010-04-01
  Saved 0 cutoff date records
✓ Saved to database

================================================================================
URL: https://travel.state.gov/content/travel/en/legal/visa-law0/visa-bulletin/2010/visa-bulletin-for-march-2010.html
Date: March 2010
Created new bulletin: 2010-03-01
  Saved 0 cutoff date records
✓ Saved to database

================================================================================
URL: https://travel.state.gov/content/travel/en/legal/visa-law0/visa-bulletin/2010/visa-bulletin-for-february-2010.html
Date: February 2010
Created new bulletin: 2010-02-01
  Saved 0 cutoff date records
✓ Saved to database

================================================================================
URL: https://travel.state.gov/content/travel/en/legal/visa-law0/visa-bulletin/2010/visa-bulletin-for-january-2010.html
Date: January 2010
Created new bulletin: 2010-01-01
  Saved 0 cutoff date records
✓ Saved to database

================================================================================
URL: https://travel.state.gov/content/travel/en/legal/visa-law0/visa-bulletin/2010/visa-bulletin-for-december-2009.html
Date: December 2009
Created new bulletin: 2009-12-01
  Saved 0 cutoff date records
✓ Saved to database

================================================================================
URL: https://travel.state.gov/content/travel/en/legal/visa-law0/visa-bulletin/2009/visa-bulletin-for-august-2009.html
Date: August 2009
Created new bulletin: 2009-08-01
  Saved 0 cutoff date records
✓ Saved to database

================================================================================
URL: https://travel.state.gov/content/travel/en/legal/visa-law0/visa-bulletin/2009/visa-bulletin-for-july-2009.html
Date: July 2009
Created new bulletin: 2009-07-01
  Saved 0 cutoff date records
✓ Saved to database

================================================================================
URL: https://travel.state.gov/content/travel/en/legal/visa-law0/visa-bulletin/2009/visa-bulletin-for-june-2009.html
Date: June 2009
Created new bulletin: 2009-06-01
  Saved 0 cutoff date records
✓ Saved to database

================================================================================
URL: https://travel.state.gov/content/travel/en/legal/visa-law0/visa-bulletin/2009/visa-bulletin-for-may-2009.html
Date: May 2009
Created new bulletin: 2009-05-01
  Saved 0 cutoff date records
✓ Saved to database

================================================================================
URL: https://travel.state.gov/content/travel/en/legal/visa-law0/visa-bulletin/2009/visa-bulletin-for-april-2009.html
Date: April 2009
Created new bulletin: 2009-04-01
  Saved 0 cutoff date records
✓ Saved to database

================================================================================
URL: https://travel.state.gov/content/travel/en/legal/visa-law0/visa-bulletin/2009/visa-bulletin-for-february-2009.html
Date: February 2009
Created new bulletin: 2009-02-01
  Saved 0 cutoff date records
✓ Saved to database

================================================================================
URL: https://travel.state.gov/content/travel/en/legal/visa-law0/visa-bulletin/2009/visa-bulletin-for-january-2009.html
Date: January 2009
Created new bulletin: 2009-01-01
  Saved 0 cutoff date records
✓ Saved to database

================================================================================
URL: https://travel.state.gov/content/travel/en/legal/visa-law0/visa-bulletin/2009/visa-bulletin-for-december-2008.html
Date: December 2008
Created new bulletin: 2008-12-01
  Saved 0 cutoff date records
✓ Saved to database

================================================================================
URL: https://travel.state.gov/content/travel/en/legal/visa-law0/visa-bulletin/2009/visa-bulletin-for-november-2008.html
Date: November 2008
Created new bulletin: 2008-11-01
  Saved 0 cutoff date records
✓ Saved to database

================================================================================
URL: https://travel.state.gov/content/travel/en/legal/visa-law0/visa-bulletin/2009/visa-bulletin-for-october-2008.html
Date: October 2008
Created new bulletin: 2008-10-01
  Saved 0 cutoff date records
✓ Saved to database

================================================================================
URL: https://travel.state.gov/content/travel/en/legal/visa-law0/visa-bulletin/2008/visa-bulletin-for-september-2008.html
Date: September 2008
Created new bulletin: 2008-09-01
  Saved 0 cutoff date records
✓ Saved to database

================================================================================
URL: https://travel.state.gov/content/travel/en/legal/visa-law0/visa-bulletin/2008/visa-bulletin-for-august-2008.html
Date: August 2008
Created new bulletin: 2008-08-01
  Saved 0 cutoff date records
✓ Saved to database

================================================================================
URL: https://travel.state.gov/content/travel/en/legal/visa-law0/visa-bulletin/2008/visa-bulletin-for-july-2008.html
Date: July 2008
Created new bulletin: 2008-07-01
  Saved 0 cutoff date records
✓ Saved to database

================================================================================
URL: https://travel.state.gov/content/travel/en/legal/visa-law0/visa-bulletin/2008/visa-bulletin-for-june-2008.html
Date: June 2008
Created new bulletin: 2008-06-01
  Saved 0 cutoff date records
✓ Saved to database

================================================================================
URL: https://travel.state.gov/content/travel/en/legal/visa-law0/visa-bulletin/2008/visa-bulletin-for-may-2008.html
Date: May 2008
Created new bulletin: 2008-05-01
  Saved 0 cutoff date records
✓ Saved to database

================================================================================
URL: https://travel.state.gov/content/travel/en/legal/visa-law0/visa-bulletin/2008/visa-bulletin-for-april-2008.html
Date: April 2008
Created new bulletin: 2008-04-01
  Saved 0 cutoff date records
✓ Saved to database

================================================================================
URL: https://travel.state.gov/content/travel/en/legal/visa-law0/visa-bulletin/2008/visa-bulletin-for-march-2008.html
Date: March 2008
Created new bulletin: 2008-03-01
  Saved 0 cutoff date records
✓ Saved to database

================================================================================
URL: https://travel.state.gov/content/travel/en/legal/visa-law0/visa-bulletin/2008/visa-bulletin-for-february-2008.html
Date: February 2008
Created new bulletin: 2008-02-01
  Saved 0 cutoff date records
✓ Saved to database

================================================================================
URL: https://travel.state.gov/content/travel/en/legal/visa-law0/visa-bulletin/2008/visa-bulletin-for-january-2008.html
Date: January 2008
Created new bulletin: 2008-01-01
  Saved 0 cutoff date records
✓ Saved to database

================================================================================
URL: https://travel.state.gov/content/travel/en/legal/visa-law0/visa-bulletin/2008/visa-bulletin-for-december-2007.html
Date: December 2007
Created new bulletin: 2007-12-01
  Saved 0 cutoff date records
✓ Saved to database

================================================================================
URL: https://travel.state.gov/content/travel/en/legal/visa-law0/visa-bulletin/2008/visa-bulletin-for-november-2007.html
Date: November 2007
Created new bulletin: 2007-11-01
  Saved 0 cutoff date records
✓ Saved to database

================================================================================
URL: https://travel.state.gov/content/travel/en/legal/visa-law0/visa-bulletin/2008/visa-bulletin-for-october-2007.html
Date: October 2007
Created new bulletin: 2007-10-01
  Saved 0 cutoff date records
✓ Saved to database

================================================================================
URL: https://travel.state.gov/content/travel/en/legal/visa-law0/visa-bulletin/2007/visa-bulletin-for-september-2007.html
Date: September 2007
Created new bulletin: 2007-09-01
  Saved 0 cutoff date records
✓ Saved to database

================================================================================
URL: https://travel.state.gov/content/travel/en/legal/visa-law0/visa-bulletin/2007/visa-bulletin-for-august-2007.html
Date: August 2007
Created new bulletin: 2007-08-01
  Saved 0 cutoff date records
✓ Saved to database

================================================================================
URL: https://travel.state.gov/content/travel/en/legal/visa-law0/visa-bulletin/2007/visa-bulletin-for-july-2007.html
Date: July 2007
Created new bulletin: 2007-07-01
  Saved 0 cutoff date records
✓ Saved to database

================================================================================
URL: https://travel.state.gov/content/travel/en/legal/visa-law0/visa-bulletin/2007/visa-bulletin-for-june-2007.html
Date: June 2007
Created new bulletin: 2007-06-01
  Saved 0 cutoff date records
✓ Saved to database

================================================================================
URL: https://travel.state.gov/content/travel/en/legal/visa-law0/visa-bulletin/2007/visa-bulletin-for-may-2007.html
Date: May 2007
Created new bulletin: 2007-05-01
  Saved 0 cutoff date records
✓ Saved to database

================================================================================
URL: https://travel.state.gov/content/travel/en/legal/visa-law0/visa-bulletin/2007/visa-bulletin-for-april-2007.html
Date: April 2007
Created new bulletin: 2007-04-01
  Saved 0 cutoff date records
✓ Saved to database

================================================================================
URL: https://travel.state.gov/content/travel/en/legal/visa-law0/visa-bulletin/2007/visa-bulletin-for-march-2007.html
Date: March 2007
Created new bulletin: 2007-03-01
  Saved 0 cutoff date records
✓ Saved to database

================================================================================
URL: https://travel.state.gov/content/travel/en/legal/visa-law0/visa-bulletin/2007/visa-bulletin-for-february-2007.html
Date: February 2007
Created new bulletin: 2007-02-01
  Saved 0 cutoff date records
✓ Saved to database

================================================================================
URL: https://travel.state.gov/content/travel/en/legal/visa-law0/visa-bulletin/2007/visa-bulletin-for-january-2007.html
Date: January 2007
Created new bulletin: 2007-01-01
  Saved 0 cutoff date records
✓ Saved to database

================================================================================
URL: https://travel.state.gov/content/travel/en/legal/visa-law0/visa-bulletin/2007/visa-bulletin-for-december-2006.html
Date: December 2006
Created new bulletin: 2006-12-01
  Saved 0 cutoff date records
✓ Saved to database

================================================================================
URL: https://travel.state.gov/content/travel/en/legal/visa-law0/visa-bulletin/2007/visa-bulletin-for-november-2006.html
Date: November 2006
Created new bulletin: 2006-11-01
  Saved 0 cutoff date records
✓ Saved to database

================================================================================
URL: https://travel.state.gov/content/travel/en/legal/visa-law0/visa-bulletin/2007/visa-bulletin-for-october-2006.html
Date: October 2006
Created new bulletin: 2006-10-01
  Saved 0 cutoff date records
✓ Saved to database

================================================================================
URL: https://travel.state.gov/content/travel/en/legal/visa-law0/visa-bulletin/2006/visa-bulletin-for-september-2006.html
Date: September 2006
Created new bulletin: 2006-09-01
  Saved 0 cutoff date records
✓ Saved to database

================================================================================
URL: https://travel.state.gov/content/travel/en/legal/visa-law0/visa-bulletin/2006/visa-bulletin-for-august-2006.html
Date: August 2006
Created new bulletin: 2006-08-01
  Saved 0 cutoff date records
✓ Saved to database

================================================================================
URL: https://travel.state.gov/content/travel/en/legal/visa-law0/visa-bulletin/2006/visa-bulletin-for-july-2006.html
Date: July 2006
Created new bulletin: 2006-07-01
  Saved 0 cutoff date records
✓ Saved to database

================================================================================
URL: https://travel.state.gov/content/travel/en/legal/visa-law0/visa-bulletin/2006/visa-bulletin-for-june-2006.html
Date: June 2006
Created new bulletin: 2006-06-01
  Saved 0 cutoff date records
✓ Saved to database

================================================================================
URL: https://travel.state.gov/content/travel/en/legal/visa-law0/visa-bulletin/2006/visa-bulletin-for-may-2006.html
Date: May 2006
Created new bulletin: 2006-05-01
  Saved 0 cutoff date records
✓ Saved to database

================================================================================
URL: https://travel.state.gov/content/travel/en/legal/visa-law0/visa-bulletin/2006/visa-bulletin-for-april-2006.html
Date: April 2006
Created new bulletin: 2006-04-01
  Saved 0 cutoff date records
✓ Saved to database

================================================================================
URL: https://travel.state.gov/content/travel/en/legal/visa-law0/visa-bulletin/2006/visa-bulletin-for-march-2006.html
Date: March 2006
Created new bulletin: 2006-03-01
  Saved 0 cutoff date records
✓ Saved to database

================================================================================
URL: https://travel.state.gov/content/travel/en/legal/visa-law0/visa-bulletin/2006/visa-bulletin-for-february-2006.html
Date: February 2006
Created new bulletin: 2006-02-01
  Saved 0 cutoff date records
✓ Saved to database

================================================================================
URL: https://travel.state.gov/content/travel/en/legal/visa-law0/visa-bulletin/2006/visa-bulletin-for-january-2006.html
Date: January 2006
Created new bulletin: 2006-01-01
  Saved 0 cutoff date records
✓ Saved to database

================================================================================
URL: https://travel.state.gov/content/travel/en/legal/visa-law0/visa-bulletin/2006/visa-bulletin-for-december-2005.html
Date: December 2005
Created new bulletin: 2005-12-01
  Saved 0 cutoff date records
✓ Saved to database

================================================================================
URL: https://travel.state.gov/content/travel/en/legal/visa-law0/visa-bulletin/2006/visa-bulletin-for-november-2005.html
Date: November 2005
Created new bulletin: 2005-11-01
  Saved 0 cutoff date records
✓ Saved to database

================================================================================
URL: https://travel.state.gov/content/travel/en/legal/visa-law0/visa-bulletin/2006/visa-bulletin-for-october-2005.html
Date: October 2005
Created new bulletin: 2005-10-01
  Saved 0 cutoff date records
✓ Saved to database

================================================================================
URL: https://travel.state.gov/content/travel/en/legal/visa-law0/visa-bulletin/2005/visa-bulletin-for-september-2005.html
Date: September 2005
Created new bulletin: 2005-09-01
  Saved 0 cutoff date records
✓ Saved to database

================================================================================
URL: https://travel.state.gov/content/travel/en/legal/visa-law0/visa-bulletin/2005/visa-bulletin-for-august-2005.html
Date: August 2005
Created new bulletin: 2005-08-01
  Saved 0 cutoff date records
✓ Saved to database

================================================================================
URL: https://travel.state.gov/content/travel/en/legal/visa-law0/visa-bulletin/2005/visa-bulletin-for-july-2005.html
Date: July 2005
Created new bulletin: 2005-07-01
  Saved 0 cutoff date records
✓ Saved to database

================================================================================
URL: https://travel.state.gov/content/travel/en/legal/visa-law0/visa-bulletin/2005/visa-bulletin-for-june-2005.html
Date: June 2005
Created new bulletin: 2005-06-01
  Saved 0 cutoff date records
✓ Saved to database

================================================================================
URL: https://travel.state.gov/content/travel/en/legal/visa-law0/visa-bulletin/2005/visa-bulletin-for-may-2005.html
Date: May 2005
Created new bulletin: 2005-05-01
  Saved 0 cutoff date records
✓ Saved to database

================================================================================
URL: https://travel.state.gov/content/travel/en/legal/visa-law0/visa-bulletin/2005/visa-bulletin-for-april-2005.html
Date: April 2005
Created new bulletin: 2005-04-01
  Saved 0 cutoff date records
✓ Saved to database

================================================================================
URL: https://travel.state.gov/content/travel/en/legal/visa-law0/visa-bulletin/2005/visa-bulletin-for-march-2005.html
Date: March 2005
Created new bulletin: 2005-03-01
  Saved 0 cutoff date records
✓ Saved to database

================================================================================
URL: https://travel.state.gov/content/travel/en/legal/visa-law0/visa-bulletin/2005/visa-bulletin-for-february-2005.html
Date: February 2005
Created new bulletin: 2005-02-01
  Saved 0 cutoff date records
✓ Saved to database

================================================================================
URL: https://travel.state.gov/content/travel/en/legal/visa-law0/visa-bulletin/2005/visa-bulletin-for-january-2005.html
Date: January 2005
Created new bulletin: 2005-01-01
  Saved 0 cutoff date records
✓ Saved to database

================================================================================
URL: https://travel.state.gov/content/travel/en/legal/visa-law0/visa-bulletin/2005/visa-bulletin-for-december-2004.html
Date: December 2004
Created new bulletin: 2004-12-01
  Saved 0 cutoff date records
✓ Saved to database

================================================================================
URL: https://travel.state.gov/content/travel/en/legal/visa-law0/visa-bulletin/2005/visa-bulletin-for-november-2004.html
Date: November 2004
Created new bulletin: 2004-11-01
  Saved 0 cutoff date records
✓ Saved to database

================================================================================
URL: https://travel.state.gov/content/travel/en/legal/visa-law0/visa-bulletin/2005/visa-bulletin-for-october-2004.html
Date: October 2004
Created new bulletin: 2004-10-01
  Saved 0 cutoff date records
✓ Saved to database

================================================================================
URL: https://travel.state.gov/content/travel/en/legal/visa-law0/visa-bulletin/2004/visa-bulletin-for-september-2004.html
Date: September 2004
Created new bulletin: 2004-09-01
  Saved 0 cutoff date records
✓ Saved to database

================================================================================
URL: https://travel.state.gov/content/travel/en/legal/visa-law0/visa-bulletin/2004/visa-bulletin-for-august-2004.html
Date: August 2004
Created new bulletin: 2004-08-01
  Saved 0 cutoff date records
✓ Saved to database

================================================================================
URL: https://travel.state.gov/content/travel/en/legal/visa-law0/visa-bulletin/2004/visa-bulletin-for-july-2004.html
Date: July 2004
Created new bulletin: 2004-07-01
  Saved 0 cutoff date records
✓ Saved to database

================================================================================
URL: https://travel.state.gov/content/travel/en/legal/visa-law0/visa-bulletin/2004/visa-bulletin-for-june-2004.html
Date: June 2004
Created new bulletin: 2004-06-01
  Saved 0 cutoff date records
✓ Saved to database

================================================================================
URL: https://travel.state.gov/content/travel/en/legal/visa-law0/visa-bulletin/2004/visa-bulletin-for-may-2004.html
Date: May 2004
Created new bulletin: 2004-05-01
  Saved 0 cutoff date records
✓ Saved to database

================================================================================
URL: https://travel.state.gov/content/travel/en/legal/visa-law0/visa-bulletin/2004/visa-bulletin-for-april-2004.html
Date: April 2004
Created new bulletin: 2004-04-01
  Saved 0 cutoff date records
✓ Saved to database

================================================================================
URL: https://travel.state.gov/content/travel/en/legal/visa-law0/visa-bulletin/2004/visa-bulletin-for-march-2004.html
Date: March 2004
Created new bulletin: 2004-03-01
  Saved 0 cutoff date records
✓ Saved to database

================================================================================
URL: https://travel.state.gov/content/travel/en/legal/visa-law0/visa-bulletin/2004/visa-bulletin-for-february-2004.html
Date: February 2004
Created new bulletin: 2004-02-01
  Saved 0 cutoff date records
✓ Saved to database

================================================================================
URL: https://travel.state.gov/content/travel/en/legal/visa-law0/visa-bulletin/2004/visa-bulletin-for-january-2004.html
Date: January 2004
Created new bulletin: 2004-01-01
  Saved 0 cutoff date records
✓ Saved to database

================================================================================
URL: https://travel.state.gov/content/travel/en/legal/visa-law0/visa-bulletin/2004/visa-bulletin-for-december-2003.html
Date: December 2003
Created new bulletin: 2003-12-01
  Saved 0 cutoff date records
✓ Saved to database

================================================================================
URL: https://travel.state.gov/content/travel/en/legal/visa-law0/visa-bulletin/2004/visa-bulletin-for-november-2003.html
Date: November 2003
Created new bulletin: 2003-11-01
  Saved 0 cutoff date records
✓ Saved to database

================================================================================
URL: https://travel.state.gov/content/travel/en/legal/visa-law0/visa-bulletin/2004/visa-bulletin-for-october-2003.html
Date: October 2003
Created new bulletin: 2003-10-01
  Saved 0 cutoff date records
✓ Saved to database

================================================================================
URL: https://travel.state.gov/content/travel/en/legal/visa-law0/visa-bulletin/2003/visa-bulletin-for-september-2003.html
Date: September 2003
Created new bulletin: 2003-09-01
  Saved 0 cutoff date records
✓ Saved to database

================================================================================
URL: https://travel.state.gov/content/travel/en/legal/visa-law0/visa-bulletin/2003/visa-bulletin-for-august-2003.html
Date: August 2003
Created new bulletin: 2003-08-01
  Saved 0 cutoff date records
✓ Saved to database

================================================================================
URL: https://travel.state.gov/content/travel/en/legal/visa-law0/visa-bulletin/2003/visa-bulletin-for-july-2003.html
Date: July 2003
Created new bulletin: 2003-07-01
  Saved 0 cutoff date records
✓ Saved to database

================================================================================
URL: https://travel.state.gov/content/travel/en/legal/visa-law0/visa-bulletin/2003/visa-bulletin-for-june-2003.html
Date: June 2003
Created new bulletin: 2003-06-01
  Saved 0 cutoff date records
✓ Saved to database

================================================================================
URL: https://travel.state.gov/content/travel/en/legal/visa-law0/visa-bulletin/2003/visa-bulletin-for-may-2003.html
Date: May 2003
Created new bulletin: 2003-05-01
  Saved 0 cutoff date records
✓ Saved to database

================================================================================
URL: https://travel.state.gov/content/travel/en/legal/visa-law0/visa-bulletin/2003/visa-bulletin-for-april-2003.html
Date: April 2003
Created new bulletin: 2003-04-01
  Saved 0 cutoff date records
✓ Saved to database

================================================================================
URL: https://travel.state.gov/content/travel/en/legal/visa-law0/visa-bulletin/2003/visa-bulletin-for-march-2003.html
Date: March 2003
Created new bulletin: 2003-03-01
  Saved 0 cutoff date records
✓ Saved to database

================================================================================
URL: https://travel.state.gov/content/travel/en/legal/visa-law0/visa-bulletin/2003/visa-bulletin-for-february-2003.html
Date: February 2003
Created new bulletin: 2003-02-01
  Saved 0 cutoff date records
✓ Saved to database

================================================================================
URL: https://travel.state.gov/content/travel/en/legal/visa-law0/visa-bulletin/2003/visa-bulletin-for-january-2003.html
Date: January 2003
Created new bulletin: 2003-01-01
  Saved 0 cutoff date records
✓ Saved to database

================================================================================
URL: https://travel.state.gov/content/travel/en/legal/visa-law0/visa-bulletin/2003/visa-bulletin-for-december-2002.html
Date: December 2002
Created new bulletin: 2002-12-01
  Saved 0 cutoff date records
✓ Saved to database

================================================================================
URL: https://travel.state.gov/content/travel/en/legal/visa-law0/visa-bulletin/2003/visa-bulletin-for-november-2002.html
Date: November 2002
Created new bulletin: 2002-11-01
  Saved 0 cutoff date records
✓ Saved to database

================================================================================
URL: https://travel.state.gov/content/travel/en/legal/visa-law0/visa-bulletin/2003/visa-bulletin-for-october-2002.html
Date: October 2002
Created new bulletin: 2002-10-01
  Saved 0 cutoff date records
✓ Saved to database

================================================================================
URL: https://travel.state.gov/content/travel/en/legal/visa-law0/visa-bulletin/2002/visa-bulletin-for-september-2002.html
Date: September 2002
Created new bulletin: 2002-09-01
  Saved 0 cutoff date records
✓ Saved to database

================================================================================
URL: https://travel.state.gov/content/travel/en/legal/visa-law0/visa-bulletin/2002/visa-bulletin-for-august-2002.html
Date: August 2002
Created new bulletin: 2002-08-01
  Saved 0 cutoff date records
✓ Saved to database

================================================================================
URL: https://travel.state.gov/content/travel/en/legal/visa-law0/visa-bulletin/2002/visa-bulletin-for-july-2002.html
Date: July 2002
Created new bulletin: 2002-07-01
  Saved 0 cutoff date records
✓ Saved to database

================================================================================
URL: https://travel.state.gov/content/travel/en/legal/visa-law0/visa-bulletin/2002/visa-bulletin-for-june-2002.html
Date: June 2002
Created new bulletin: 2002-06-01
  Saved 0 cutoff date records
✓ Saved to database

================================================================================
URL: https://travel.state.gov/content/travel/en/legal/visa-law0/visa-bulletin/2002/visa-bulletin-for-may-2002.html
Date: May 2002
Created new bulletin: 2002-05-01
  Saved 0 cutoff date records
✓ Saved to database

================================================================================
URL: https://travel.state.gov/content/travel/en/legal/visa-law0/visa-bulletin/2002/visa-bulletin-for-april-2002.html
Date: April 2002
Created new bulletin: 2002-04-01
  Saved 0 cutoff date records
✓ Saved to database

================================================================================
URL: https://travel.state.gov/content/travel/en/legal/visa-law0/visa-bulletin/2002/visa-bulletin-for-march-2002.html
Date: March 2002
Created new bulletin: 2002-03-01
  Saved 0 cutoff date records
✓ Saved to database

================================================================================
URL: https://travel.state.gov/content/travel/en/legal/visa-law0/visa-bulletin/2002/visa-bulletin-for-february-2002.html
Date: February 2002
Created new bulletin: 2002-02-01
  Saved 0 cutoff date records
✓ Saved to database

================================================================================
URL: https://travel.state.gov/content/travel/en/legal/visa-law0/visa-bulletin/2002/visa-bulletin-for-january-2002.html
Date: January 2002
Created new bulletin: 2002-01-01
  Saved 0 cutoff date records
✓ Saved to database

================================================================================
URL: https://travel.state.gov/content/travel/en/legal/visa-law0/visa-bulletin/2002/visa-bulletin-for-december-2001.html
Date: December 2001
Created new bulletin: 2001-12-01
  Saved 0 cutoff date records
✓ Saved to database
